#-----------------------------------------------------------
# Vivado v2018.3 (64-bit)
# SW Build 2405991 on Thu Dec  6 23:38:27 MST 2018
# IP Build 2404404 on Fri Dec  7 01:43:56 MST 2018
# Start of session at: Mon Nov  7 08:44:03 2022
# Process ID: 3064
# Current directory: C:/Users/JinlinYE/Documents/myProject/DLA/Lab1/VIVADO/cnn_vivado
# Command line: vivado.exe -gui_launcher_event rodinguilauncherevent16400 C:\Users\JinlinYE\Documents\myProject\DLA\Lab1\VIVADO\cnn_vivado\cnn_vivado.xpr
# Log file: C:/Users/JinlinYE/Documents/myProject/DLA/Lab1/VIVADO/cnn_vivado/vivado.log
# Journal file: C:/Users/JinlinYE/Documents/myProject/DLA/Lab1/VIVADO/cnn_vivado\vivado.jou
#-----------------------------------------------------------
start_gui
open_project C:/Users/JinlinYE/Documents/myProject/DLA/Lab1/VIVADO/cnn_vivado/cnn_vivado.xpr
Scanning sources...
Finished scanning sources
INFO: [IP_Flow 19-234] Refreshing IP repositories
INFO: [IP_Flow 19-1700] Loaded user IP repository 'c:/Users/JinlinYE/Documents/myProject/DLA/Lab1/HLS/conv_core'.
INFO: [IP_Flow 19-1700] Loaded user IP repository 'c:/Users/JinlinYE/Documents/myProject/DLA/Lab1/HLS/pool_core'.
INFO: [IP_Flow 19-2313] Loaded Vivado IP repository 'C:/Xilinx/Vivado/2018.3/data/ip'.
open_project: Time (s): cpu = 00:00:39 ; elapsed = 00:00:24 . Memory (MB): peak = 878.508 ; gain = 292.891
update_compile_order -fileset sources_1
export_ip_user_files -of_objects  [get_files C:/Users/JinlinYE/Documents/myProject/DLA/Lab1/VIVADO/cnn_vivado/cnn_vivado.srcs/sources_1/bd/design_2/design_2.bd] -no_script -reset -force -quiet
remove_files  C:/Users/JinlinYE/Documents/myProject/DLA/Lab1/VIVADO/cnn_vivado/cnn_vivado.srcs/sources_1/bd/design_2/design_2.bd
file delete -force C:/Users/JinlinYE/Documents/myProject/DLA/Lab1/VIVADO/cnn_vivado/cnn_vivado.srcs/sources_1/bd/design_2
exit
INFO: [Common 17-206] Exiting Vivado at Mon Nov  7 08:46:19 2022...
