==============================================================
File generated on Sun Nov 06 12:14:40 +0800 2022
Vivado(TM) HLS - High-Level Synthesis from C, C++ and SystemC v2018.3 (64-bit)
SW Build 2405991 on Thu Dec  6 23:38:27 MST 2018
IP Build 2404404 on Fri Dec  7 01:43:56 MST 2018
Copyright 1986-2018 Xilinx, Inc. All Rights Reserved.
==============================================================
INFO: [SYN 201-201] Setting up clock 'default' with a period of 10ns.
INFO: [HLS 200-10] Setting target device to 'xc7z020clg400-2'
INFO: [SIM 211-2] *************** CSIM start ***************
INFO: [SIM 211-4] CSIM will launch GCC as the compiler.
INFO: [SIM 211-1] CSim done with 0 errors.
INFO: [SIM 211-3] *************** CSIM finish ***************
==============================================================
File generated on Sun Nov 06 12:15:59 +0800 2022
Vivado(TM) HLS - High-Level Synthesis from C, C++ and SystemC v2018.3 (64-bit)
SW Build 2405991 on Thu Dec  6 23:38:27 MST 2018
IP Build 2404404 on Fri Dec  7 01:43:56 MST 2018
Copyright 1986-2018 Xilinx, Inc. All Rights Reserved.
==============================================================
INFO: [SYN 201-201] Setting up clock 'default' with a period of 10ns.
INFO: [HLS 200-10] Setting target device to 'xc7z020clg400-2'
INFO: [SYN 201-201] Setting up clock 'default' with a period of 10ns.
INFO: [SCHED 204-61] Option 'relax_ii_for_timing' is enabled, will increase II to preserve clock frequency constraints.
INFO: [HLS 200-10] Analyzing design file 'pool_core/pool_core.cpp' ... 
INFO: [HLS 200-111] Finished Linking Time (s): cpu = 00:00:01 ; elapsed = 00:00:12 . Memory (MB): peak = 103.016 ; gain = 21.141
INFO: [HLS 200-111] Finished Checking Pragmas Time (s): cpu = 00:00:01 ; elapsed = 00:00:12 . Memory (MB): peak = 103.016 ; gain = 21.141
INFO: [HLS 200-10] Starting code transformations ...
ERROR: [SYNCHK 200-79] Cannot find the top function 'pool_core' in the design. Possible causes are: (1) the top function name is misspelled; (2) the top function is nonexistent or declared as static.
ERROR: [HLS 200-70] Synthesizability check failed.
==============================================================
File generated on Sun Nov 06 12:16:48 +0800 2022
Vivado(TM) HLS - High-Level Synthesis from C, C++ and SystemC v2018.3 (64-bit)
SW Build 2405991 on Thu Dec  6 23:38:27 MST 2018
IP Build 2404404 on Fri Dec  7 01:43:56 MST 2018
Copyright 1986-2018 Xilinx, Inc. All Rights Reserved.
==============================================================
INFO: [SYN 201-201] Setting up clock 'default' with a period of 10ns.
INFO: [HLS 200-10] Setting target device to 'xc7z020clg400-2'
INFO: [SYN 201-201] Setting up clock 'default' with a period of 10ns.
INFO: [SCHED 204-61] Option 'relax_ii_for_timing' is enabled, will increase II to preserve clock frequency constraints.
INFO: [HLS 200-10] Analyzing design file 'pool_core/pool_core.cpp' ... 
INFO: [HLS 200-111] Finished Linking Time (s): cpu = 00:00:00 ; elapsed = 00:00:13 . Memory (MB): peak = 103.055 ; gain = 20.664
INFO: [HLS 200-111] Finished Checking Pragmas Time (s): cpu = 00:00:00 ; elapsed = 00:00:13 . Memory (MB): peak = 103.055 ; gain = 20.664
INFO: [HLS 200-10] Starting code transformations ...
INFO: [HLS 200-111] Finished Standard Transforms Time (s): cpu = 00:00:01 ; elapsed = 00:00:13 . Memory (MB): peak = 117.258 ; gain = 34.867
INFO: [HLS 200-10] Checking synthesizability ...
INFO: [HLS 200-111] Finished Checking Synthesizability Time (s): cpu = 00:00:01 ; elapsed = 00:00:14 . Memory (MB): peak = 124.781 ; gain = 42.391
INFO: [HLS 200-111] Finished Pre-synthesis Time (s): cpu = 00:00:01 ; elapsed = 00:00:14 . Memory (MB): peak = 154.711 ; gain = 72.320
INFO: [HLS 200-111] Finished Architecture Synthesis Time (s): cpu = 00:00:01 ; elapsed = 00:00:14 . Memory (MB): peak = 157.105 ; gain = 74.715
INFO: [HLS 200-10] Starting hardware synthesis ...
INFO: [HLS 200-10] Synthesizing 'Pool' ...
INFO: [HLS 200-10] ----------------------------------------------------------------
INFO: [HLS 200-42] -- Implementing module 'Pool' 
INFO: [HLS 200-10] ----------------------------------------------------------------
INFO: [SCHED 204-11] Starting scheduling ...
WARNING: [SCHED 204-21] Estimated clock period (9.5696ns) exceeds the target (target clock period: 10ns, clock uncertainty: 1.25ns, effective delay budget: 8.75ns).
WARNING: [SCHED 204-21] The critical path in module 'Pool' consists of the following:
	'mul' operation of DSP[123] ('ret.V', pool_core/pool_core.cpp:45) [121]  (2.82 ns)
	'add' operation of DSP[123] ('ret.V', pool_core/pool_core.cpp:45) [123]  (2.73 ns)
	'add' operation ('ret.V', pool_core/pool_core.cpp:45) [124]  (0 ns)
	'add' operation ('feature_in2_sum', pool_core/pool_core.cpp:45) [125]  (4.02 ns)
INFO: [SCHED 204-11] Finished scheduling.
INFO: [HLS 200-111]  Elapsed time: 14.335 seconds; current allocated memory: 107.748 MB.
INFO: [HLS 200-434] Only 0 loops out of a total 5 loops have been pipelined in this design.
INFO: [BIND 205-100] Starting micro-architecture generation ...
INFO: [BIND 205-101] Performing variable lifetime analysis.
INFO: [BIND 205-101] Exploring resource sharing.
INFO: [BIND 205-101] Binding ...
INFO: [BIND 205-100] Finished micro-architecture generation.
INFO: [HLS 200-111]  Elapsed time: 0.195 seconds; current allocated memory: 108.729 MB.
INFO: [HLS 200-10] ----------------------------------------------------------------
INFO: [HLS 200-10] -- Generating RTL for module 'Pool' 
INFO: [HLS 200-10] ----------------------------------------------------------------
INFO: [RTGEN 206-500] Setting interface mode on port 'Pool/gmem' to 'm_axi'.
INFO: [RTGEN 206-500] Setting interface mode on port 'Pool/CHin_V' to 's_axilite & ap_none'.
INFO: [RTGEN 206-500] Setting interface mode on port 'Pool/Hin_V' to 's_axilite & ap_none'.
INFO: [RTGEN 206-500] Setting interface mode on port 'Pool/Win_V' to 's_axilite & ap_none'.
INFO: [RTGEN 206-500] Setting interface mode on port 'Pool/Kx_V' to 's_axilite & ap_none'.
INFO: [RTGEN 206-500] Setting interface mode on port 'Pool/Ky_V' to 's_axilite & ap_none'.
INFO: [RTGEN 206-500] Setting interface mode on port 'Pool/mode_V' to 's_axilite & ap_none'.
INFO: [RTGEN 206-500] Setting interface mode on port 'Pool/feature_in' to 's_axilite & ap_none'.
INFO: [RTGEN 206-500] Setting interface mode on port 'Pool/feature_out' to 's_axilite & ap_none'.
INFO: [RTGEN 206-500] Setting interface mode on function 'Pool' to 's_axilite & ap_ctrl_hs'.
INFO: [RTGEN 206-100] Bundling port 'return', 'CHin_V', 'Hin_V', 'Win_V', 'Kx_V', 'Ky_V', 'mode_V', 'feature_in' and 'feature_out' to AXI-Lite port AXILiteS.
INFO: [SYN 201-210] Renamed object name 'Pool_fadd_32ns_32ns_32_4_full_dsp_1' to 'Pool_fadd_32ns_32bkb' due to the length limit 20
INFO: [SYN 201-210] Renamed object name 'Pool_fdiv_32ns_32ns_32_12_1' to 'Pool_fdiv_32ns_32cud' due to the length limit 20
INFO: [SYN 201-210] Renamed object name 'Pool_uitofp_32ns_32_4_1' to 'Pool_uitofp_32ns_dEe' due to the length limit 20
INFO: [SYN 201-210] Renamed object name 'Pool_fcmp_32ns_32ns_1_1_1' to 'Pool_fcmp_32ns_32eOg' due to the length limit 20
INFO: [SYN 201-210] Renamed object name 'Pool_udiv_16ns_8ns_16_20_seq_1' to 'Pool_udiv_16ns_8nfYi' due to the length limit 20
INFO: [SYN 201-210] Renamed object name 'Pool_mul_mul_16s_16ns_32_1_1' to 'Pool_mul_mul_16s_g8j' due to the length limit 20
INFO: [SYN 201-210] Renamed object name 'Pool_mac_muladd_16ns_16s_48ns_48_1_1' to 'Pool_mac_muladd_1hbi' due to the length limit 20
INFO: [RTGEN 206-100] Generating core module 'Pool_fadd_32ns_32bkb': 1 instance(s).
INFO: [RTGEN 206-100] Generating core module 'Pool_fcmp_32ns_32eOg': 1 instance(s).
INFO: [RTGEN 206-100] Generating core module 'Pool_fdiv_32ns_32cud': 1 instance(s).
INFO: [RTGEN 206-100] Generating core module 'Pool_mac_muladd_1hbi': 3 instance(s).
INFO: [RTGEN 206-100] Generating core module 'Pool_mul_mul_16s_g8j': 1 instance(s).
INFO: [RTGEN 206-100] Generating core module 'Pool_udiv_16ns_8nfYi': 2 instance(s).
INFO: [RTGEN 206-100] Generating core module 'Pool_uitofp_32ns_dEe': 1 instance(s).
INFO: [RTGEN 206-100] Finished creating RTL model for 'Pool'.
INFO: [HLS 200-111]  Elapsed time: 0.364 seconds; current allocated memory: 110.581 MB.
INFO: [RTMG 210-282] Generating pipelined core: 'Pool_udiv_16ns_8nfYi_div'
INFO: [HLS 200-111] Finished generating all RTL models Time (s): cpu = 00:00:03 ; elapsed = 00:00:19 . Memory (MB): peak = 167.020 ; gain = 84.629
INFO: [SYSC 207-301] Generating SystemC RTL for Pool.
INFO: [VHDL 208-304] Generating VHDL RTL for Pool.
INFO: [VLOG 209-307] Generating Verilog RTL for Pool.
INFO: [HLS 200-112] Total elapsed time: 18.893 seconds; peak allocated memory: 110.581 MB.
==============================================================
File generated on Sun Nov 06 12:18:42 +0800 2022
Vivado(TM) HLS - High-Level Synthesis from C, C++ and SystemC v2018.3 (64-bit)
SW Build 2405991 on Thu Dec  6 23:38:27 MST 2018
IP Build 2404404 on Fri Dec  7 01:43:56 MST 2018
Copyright 1986-2018 Xilinx, Inc. All Rights Reserved.
==============================================================
INFO: [SYN 201-201] Setting up clock 'default' with a period of 10ns.
INFO: [HLS 200-10] Setting target device to 'xc7z020clg400-2'
INFO: [IMPL 213-8] Exporting RTL as a Vivado IP.
ERROR: [IMPL 213-28] Failed to generate IP.
==============================================================
File generated on Sun Nov 06 12:19:40 +0800 2022
Vivado(TM) HLS - High-Level Synthesis from C, C++ and SystemC v2018.3 (64-bit)
SW Build 2405991 on Thu Dec  6 23:38:27 MST 2018
IP Build 2404404 on Fri Dec  7 01:43:56 MST 2018
Copyright 1986-2018 Xilinx, Inc. All Rights Reserved.
==============================================================
INFO: [SYN 201-201] Setting up clock 'default' with a period of 10ns.
INFO: [HLS 200-10] Setting target device to 'xc7z020clg400-2'
INFO: [IMPL 213-8] Exporting RTL as a Vivado IP.
