

================================================================
== Vivado HLS Report for 'Pool'
================================================================
* Date:           Sun Nov  6 12:17:01 2022

* Version:        2018.3 (Build 2405991 on Thu Dec 06 23:56:15 MST 2018)
* Project:        pool_core
* Solution:       solution1
* Product family: zynq
* Target device:  xc7z020clg400-2


================================================================
== Performance Estimates
================================================================
+ Timing (ns): 
    * Summary: 
    +--------+-------+----------+------------+
    |  Clock | Target| Estimated| Uncertainty|
    +--------+-------+----------+------------+
    |ap_clk  |  10.00|     9.570|        1.25|
    +--------+-------+----------+------------+

+ Latency (clock cycles): 
    * Summary: 
    +-----+-----+-----+-----+---------+
    |  Latency  |  Interval | Pipeline|
    | min | max | min | max |   Type  |
    +-----+-----+-----+-----+---------+
    |   20|    ?|   20|    ?|   none  |
    +-----+-----+-----+-----+---------+

    + Detail: 
        * Instance: 
        N/A

        * Loop: 
        +-------------------------+-----+------------------+----------------------+-----------+-----------+-----------+----------+
        |                         |         Latency        |       Iteration      |  Initiation Interval  |    Trip   |          |
        |        Loop Name        | min |        max       |        Latency       |  achieved |   target  |   Count   | Pipelined|
        +-------------------------+-----+------------------+----------------------+-----------+-----------+-----------+----------+
        |- Loop 1                 |    0|                 ?| 2 ~ 4471719055057697 |          -|          -| 0 ~ 65535 |    no    |
        | + Loop 1.1              |    0|  4471719055057695|    2 ~ 68234058977   |          -|          -| 0 ~ 65535 |    no    |
        |  ++ Loop 1.1.1          |    0|       68234058975|     10 ~ 1041185     |          -|          -| 0 ~ 65535 |    no    |
        |   +++ Loop 1.1.1.1      |    0|           1041165|       3 ~ 4083       |          -|          -|  0 ~ 255  |    no    |
        |    ++++ Loop 1.1.1.1.1  |    0|              4080|        2 ~ 16        |          -|          -|  0 ~ 255  |    no    |
        +-------------------------+-----+------------------+----------------------+-----------+-----------+-----------+----------+



================================================================
== Utilization Estimates
================================================================
* Summary: 
+-----------------+---------+-------+--------+-------+
|       Name      | BRAM_18K| DSP48E|   FF   |  LUT  |
+-----------------+---------+-------+--------+-------+
|DSP              |        -|      4|       -|      -|
|Expression       |        -|      4|       0|    913|
|FIFO             |        -|      -|       -|      -|
|Instance         |        2|      2|    2154|   3294|
|Memory           |        -|      -|       -|      -|
|Multiplexer      |        -|      -|       -|     80|
|Register         |        -|      -|    1301|      -|
+-----------------+---------+-------+--------+-------+
|Total            |        2|     10|    3455|   4287|
+-----------------+---------+-------+--------+-------+
|Available        |      280|    220|  106400|  53200|
+-----------------+---------+-------+--------+-------+
|Utilization (%)  |    ~0   |      4|       3|      8|
+-----------------+---------+-------+--------+-------+

+ Detail: 
    * Instance: 
    +-------------------------+----------------------+---------+-------+-----+-----+
    |         Instance        |        Module        | BRAM_18K| DSP48E|  FF | LUT |
    +-------------------------+----------------------+---------+-------+-----+-----+
    |Pool_AXILiteS_s_axi_U    |Pool_AXILiteS_s_axi   |        0|      0|  214|  300|
    |Pool_fadd_32ns_32bkb_U1  |Pool_fadd_32ns_32bkb  |        0|      2|  227|  404|
    |Pool_fcmp_32ns_32eOg_U4  |Pool_fcmp_32ns_32eOg  |        0|      0|   66|  239|
    |Pool_fdiv_32ns_32cud_U2  |Pool_fdiv_32ns_32cud  |        0|      0|  563|  991|
    |Pool_gmem_m_axi_U        |Pool_gmem_m_axi       |        2|      0|  512|  580|
    |Pool_udiv_16ns_8nfYi_U5  |Pool_udiv_16ns_8nfYi  |        0|      0|  202|  123|
    |Pool_udiv_16ns_8nfYi_U6  |Pool_udiv_16ns_8nfYi  |        0|      0|  202|  123|
    |Pool_uitofp_32ns_dEe_U3  |Pool_uitofp_32ns_dEe  |        0|      0|  168|  534|
    +-------------------------+----------------------+---------+-------+-----+-----+
    |Total                    |                      |        2|      2| 2154| 3294|
    +-------------------------+----------------------+---------+-------+-----+-----+

    * DSP48: 
    +--------------------------+----------------------+--------------+
    |         Instance         |        Module        |  Expression  |
    +--------------------------+----------------------+--------------+
    |Pool_mac_muladd_1hbi_U8   |Pool_mac_muladd_1hbi  | i0 * i1 + i2 |
    |Pool_mac_muladd_1hbi_U9   |Pool_mac_muladd_1hbi  | i0 * i1 + i2 |
    |Pool_mac_muladd_1hbi_U10  |Pool_mac_muladd_1hbi  | i0 * i1 + i2 |
    |Pool_mul_mul_16s_g8j_U7   |Pool_mul_mul_16s_g8j  |    i0 * i1   |
    +--------------------------+----------------------+--------------+

    * Memory: 
    N/A

    * FIFO: 
    N/A

    * Expression: 
    +--------------------------------+----------+-------+---+----+------------+------------+
    |          Variable Name         | Operation| DSP48E| FF| LUT| Bitwidth P0| Bitwidth P1|
    +--------------------------------+----------+-------+---+----+------------+------------+
    |ret_V_2_fu_529_p2               |     *    |      2|  0|  21|          32|          16|
    |ret_V_4_fu_583_p2               |     *    |      2|  0|  21|          32|          16|
    |ret_V_fu_426_p2                 |     *    |      0|  0|  41|           8|           8|
    |c_fu_494_p2                     |     +    |      0|  0|  16|          16|           1|
    |feature_in2_sum5_fu_638_p2      |     +    |      0|  0|  48|          48|          48|
    |feature_in2_sum6_fu_840_p2      |     +    |      0|  0|  48|          48|          48|
    |feature_in2_sum_fu_616_p2       |     +    |      0|  0|  48|          48|          48|
    |feature_out4_sum_fu_873_p2      |     +    |      0|  0|  49|          49|          49|
    |h_V_fu_570_p2                   |     +    |      0|  0|  16|          16|          16|
    |i_fu_519_p2                     |     +    |      0|  0|  16|          16|           1|
    |ii_fu_560_p2                    |     +    |      0|  0|   8|           8|           1|
    |j_fu_549_p2                     |     +    |      0|  0|  16|          16|           1|
    |jj_fu_593_p2                    |     +    |      0|  0|   8|           8|           1|
    |next_mul1_fu_504_p2             |     +    |      0|  0|  32|          32|          32|
    |next_mul2_fu_509_p2             |     +    |      0|  0|  16|          16|          16|
    |next_mul9_fu_534_p2             |     +    |      0|  0|  16|          16|          16|
    |next_mul_fu_539_p2              |     +    |      0|  0|  32|          32|          32|
    |ret_V_12_fu_634_p2              |     +    |      0|  0|  48|          48|          48|
    |ret_V_15_fu_612_p2              |     +    |      0|  0|  48|          48|          48|
    |ret_V_8_fu_836_p2               |     +    |      0|  0|  48|          48|          48|
    |tmp1_fu_855_p2                  |     +    |      0|  0|  32|          32|          32|
    |tmp_8_fu_864_p2                 |     +    |      0|  0|  48|          48|          48|
    |w_V_fu_603_p2                   |     +    |      0|  0|  16|          16|          16|
    |tmp_16_fu_814_p2                |    and   |      0|  0|   1|           1|           1|
    |tmp_18_fu_820_p2                |    and   |      0|  0|   1|           1|           1|
    |tmp_25_fu_724_p2                |    and   |      0|  0|   1|           1|           1|
    |tmp_27_fu_730_p2                |    and   |      0|  0|   1|           1|           1|
    |exitcond1_fu_489_p2             |   icmp   |      0|  0|   7|          16|          16|
    |exitcond2_fu_514_p2             |   icmp   |      0|  0|   7|          16|          16|
    |exitcond3_fu_555_p2             |   icmp   |      0|  0|   4|           8|           8|
    |exitcond4_fu_588_p2             |   icmp   |      0|  0|   4|           8|           8|
    |exitcond_fu_544_p2              |   icmp   |      0|  0|   7|          16|          16|
    |notlhs1_fu_778_p2               |   icmp   |      0|  0|   4|           8|           2|
    |notlhs2_fu_796_p2               |   icmp   |      0|  0|   4|           8|           2|
    |notlhs3_fu_706_p2               |   icmp   |      0|  0|   4|           8|           2|
    |notlhs_fu_688_p2                |   icmp   |      0|  0|   4|           8|           2|
    |notrhs1_fu_784_p2               |   icmp   |      0|  0|   9|          23|           1|
    |notrhs2_fu_802_p2               |   icmp   |      0|  0|   9|          23|           1|
    |notrhs3_fu_712_p2               |   icmp   |      0|  0|   9|          23|           1|
    |notrhs_fu_694_p2                |   icmp   |      0|  0|   9|          23|           1|
    |tmp_6_fu_440_p2                 |   icmp   |      0|  0|   1|           2|           1|
    |tmp_7_fu_445_p2                 |   icmp   |      0|  0|   1|           2|           1|
    |ap_block_state28_io             |    or    |      0|  0|   1|           1|           1|
    |ap_block_state35                |    or    |      0|  0|   1|           1|           1|
    |tmp_14_fu_790_p2                |    or    |      0|  0|   1|           1|           1|
    |tmp_15_fu_808_p2                |    or    |      0|  0|   1|           1|           1|
    |tmp_1_fu_471_p2                 |    or    |      0|  0|   1|           1|           1|
    |tmp_23_fu_700_p2                |    or    |      0|  0|   1|           1|           1|
    |tmp_24_fu_718_p2                |    or    |      0|  0|   1|           1|           1|
    |feature_in_load_1_su_fu_826_p3  |  select  |      0|  0|  32|           1|          32|
    |p_sum_fu_477_p3                 |  select  |      0|  0|  32|           1|          32|
    |sum_3_feature_in_loa_fu_736_p3  |  select  |      0|  0|  32|           1|          32|
    |sum_fu_463_p3                   |  select  |      0|  0|  31|           1|           1|
    +--------------------------------+----------+-------+---+----+------------+------------+
    |Total                           |          |      4|  0| 913|         888|         776|
    +--------------------------------+----------+-------+---+----+------------+------------+

    * Multiplexer: 
    +-----------------------------+----+-----------+-----+-----------+
    |             Name            | LUT| Input Size| Bits| Total Bits|
    +-----------------------------+----+-----------+-----+-----------+
    |ap_NS_fsm                    |  11|         70|    1|         70|
    |ap_sig_ioackin_gmem_ARREADY  |   3|          2|    1|          2|
    |ap_sig_ioackin_gmem_AWREADY  |   3|          2|    1|          2|
    |ap_sig_ioackin_gmem_WREADY   |   3|          2|    1|          2|
    |gmem_ARADDR                  |   3|          4|   32|        128|
    |gmem_blk_n_AR                |   3|          2|    1|          2|
    |gmem_blk_n_AW                |   3|          2|    1|          2|
    |gmem_blk_n_B                 |   3|          2|    1|          2|
    |gmem_blk_n_R                 |   3|          2|    1|          2|
    |gmem_blk_n_W                 |   3|          2|    1|          2|
    |grp_fu_381_p1                |   3|          3|   32|         96|
    |i_op_assign_1_reg_261        |   3|          2|   16|         32|
    |i_op_assign_2_reg_306        |   3|          2|    8|         16|
    |i_op_assign_3_reg_329        |   3|          2|    8|         16|
    |i_op_assign_reg_296          |   3|          2|   32|         64|
    |i_op_assign_s_reg_227        |   3|          2|   16|         32|
    |op_assign_reg_216            |   3|          2|   16|         32|
    |phi_mul1_reg_238             |   3|          2|   16|         32|
    |phi_mul8_reg_284             |   3|          2|   16|         32|
    |ret_V_10_reg_272             |   3|          2|   32|         64|
    |ret_V_5_reg_250              |   3|          2|   32|         64|
    |sum_3_be_reg_340             |   3|          4|   32|        128|
    |sum_3_reg_317                |   3|          2|   32|         64|
    |sum_5_reg_356                |   3|          2|   32|         64|
    +-----------------------------+----+-----------+-----+-----------+
    |Total                        |  80|        121|  361|        950|
    +-----------------------------+----+-----------+-----+-----------+

    * Register: 
    +-------------------------------+----+----+-----+-----------+
    |              Name             | FF | LUT| Bits| Const Bits|
    +-------------------------------+----+----+-----+-----------+
    |CHin_V_read_reg_941            |  16|   0|   16|          0|
    |Kx_V_read_reg_925              |   8|   0|    8|          0|
    |Ky_V_read_reg_920              |   8|   0|    8|          0|
    |Win_V_read_reg_930             |  16|   0|   16|          0|
    |ap_CS_fsm                      |  69|   0|   69|          0|
    |ap_reg_ioackin_gmem_ARREADY    |   1|   0|    1|          0|
    |ap_reg_ioackin_gmem_AWREADY    |   1|   0|    1|          0|
    |ap_reg_ioackin_gmem_WREADY     |   1|   0|    1|          0|
    |c_reg_1050                     |  16|   0|   16|          0|
    |gmem_addr_1_read_reg_1180      |  32|   0|   32|          0|
    |gmem_addr_1_reg_1174           |  32|   0|   32|          0|
    |gmem_addr_2_read_reg_1157      |  32|   0|   32|          0|
    |gmem_addr_2_reg_1144           |  32|   0|   32|          0|
    |gmem_addr_3_read_reg_1150      |  32|   0|   32|          0|
    |gmem_addr_3_reg_1138           |  32|   0|   32|          0|
    |gmem_addr_reg_1195             |  32|   0|   32|          0|
    |i_op_assign_18_cast6_reg_1042  |  16|   0|   32|         16|
    |i_op_assign_1_reg_261          |  16|   0|   16|          0|
    |i_op_assign_2_reg_306          |   8|   0|    8|          0|
    |i_op_assign_3_reg_329          |   8|   0|    8|          0|
    |i_op_assign_reg_296            |  32|   0|   32|          0|
    |i_op_assign_s_reg_227          |  16|   0|   16|          0|
    |i_reg_1075                     |  16|   0|   16|          0|
    |ii_reg_1106                    |   8|   0|    8|          0|
    |j_reg_1098                     |  16|   0|   16|          0|
    |jj_reg_1126                    |   8|   0|    8|          0|
    |lhs_V_reg_958                  |   8|   0|   16|          8|
    |mode_V_read_reg_914            |   2|   0|    2|          0|
    |next_mul1_reg_1062             |  32|   0|   32|          0|
    |next_mul2_reg_1067             |  16|   0|   16|          0|
    |next_mul9_reg_1085             |  16|   0|   16|          0|
    |next_mul_reg_1090              |  32|   0|   32|          0|
    |op_assign_reg_216              |  16|   0|   16|          0|
    |p_sum_reg_1037                 |  18|   0|   32|         14|
    |phi_mul1_reg_238               |  16|   0|   16|          0|
    |phi_mul8_reg_284               |  16|   0|   16|          0|
    |ret_V_10_reg_272               |  32|   0|   32|          0|
    |ret_V_16_reg_994               |  16|   0|   16|          0|
    |ret_V_2_reg_1080               |  48|   0|   48|          0|
    |ret_V_3_reg_1111               |  32|   0|   32|          0|
    |ret_V_4_reg_1116               |  48|   0|   48|          0|
    |ret_V_5_reg_250                |  32|   0|   32|          0|
    |ret_V_reg_972                  |  16|   0|   16|          0|
    |rhs_V_1_cast_reg_1027          |  16|   0|   32|         16|
    |rhs_V_1_reg_1008               |  16|   0|   32|         16|
    |rhs_V_2_cast_reg_1032          |  16|   0|   48|         32|
    |rhs_V_2_reg_1017               |  16|   0|   48|         32|
    |rhs_V_7_cast_reg_1055          |  16|   0|   48|         32|
    |rhs_V_reg_965                  |   8|   0|   16|          8|
    |sum_2_reg_1185                 |  32|   0|   32|          0|
    |sum_3_be_reg_340               |  32|   0|   32|          0|
    |sum_3_reg_317                  |  32|   0|   32|          0|
    |sum_5_reg_356                  |  32|   0|   32|          0|
    |tmp_2_reg_948                  |  30|   0|   30|          0|
    |tmp_30_cast_reg_982            |  30|   0|   49|         19|
    |tmp_31_cast_reg_987            |  30|   0|   48|         18|
    |tmp_3_reg_953                  |  30|   0|   30|          0|
    |tmp_4_reg_999                  |  16|   0|   16|          0|
    |tmp_6_reg_1004                 |   1|   0|    1|          0|
    |tmp_s_reg_1022                 |  32|   0|   32|          0|
    |w_V_reg_1131                   |  16|   0|   16|          0|
    +-------------------------------+----+----+-----+-----------+
    |Total                          |1301|   0| 1512|        211|
    +-------------------------------+----+----+-----+-----------+



================================================================
== Interface
================================================================
* Summary: 
+------------------------+-----+-----+------------+--------------+--------------+
|        RTL Ports       | Dir | Bits|  Protocol  | Source Object|    C Type    |
+------------------------+-----+-----+------------+--------------+--------------+
|s_axi_AXILiteS_AWVALID  |  in |    1|    s_axi   |   AXILiteS   |    scalar    |
|s_axi_AXILiteS_AWREADY  | out |    1|    s_axi   |   AXILiteS   |    scalar    |
|s_axi_AXILiteS_AWADDR   |  in |    7|    s_axi   |   AXILiteS   |    scalar    |
|s_axi_AXILiteS_WVALID   |  in |    1|    s_axi   |   AXILiteS   |    scalar    |
|s_axi_AXILiteS_WREADY   | out |    1|    s_axi   |   AXILiteS   |    scalar    |
|s_axi_AXILiteS_WDATA    |  in |   32|    s_axi   |   AXILiteS   |    scalar    |
|s_axi_AXILiteS_WSTRB    |  in |    4|    s_axi   |   AXILiteS   |    scalar    |
|s_axi_AXILiteS_ARVALID  |  in |    1|    s_axi   |   AXILiteS   |    scalar    |
|s_axi_AXILiteS_ARREADY  | out |    1|    s_axi   |   AXILiteS   |    scalar    |
|s_axi_AXILiteS_ARADDR   |  in |    7|    s_axi   |   AXILiteS   |    scalar    |
|s_axi_AXILiteS_RVALID   | out |    1|    s_axi   |   AXILiteS   |    scalar    |
|s_axi_AXILiteS_RREADY   |  in |    1|    s_axi   |   AXILiteS   |    scalar    |
|s_axi_AXILiteS_RDATA    | out |   32|    s_axi   |   AXILiteS   |    scalar    |
|s_axi_AXILiteS_RRESP    | out |    2|    s_axi   |   AXILiteS   |    scalar    |
|s_axi_AXILiteS_BVALID   | out |    1|    s_axi   |   AXILiteS   |    scalar    |
|s_axi_AXILiteS_BREADY   |  in |    1|    s_axi   |   AXILiteS   |    scalar    |
|s_axi_AXILiteS_BRESP    | out |    2|    s_axi   |   AXILiteS   |    scalar    |
|ap_clk                  |  in |    1| ap_ctrl_hs |     Pool     | return value |
|ap_rst_n                |  in |    1| ap_ctrl_hs |     Pool     | return value |
|interrupt               | out |    1| ap_ctrl_hs |     Pool     | return value |
|m_axi_gmem_AWVALID      | out |    1|    m_axi   |     gmem     |    pointer   |
|m_axi_gmem_AWREADY      |  in |    1|    m_axi   |     gmem     |    pointer   |
|m_axi_gmem_AWADDR       | out |   32|    m_axi   |     gmem     |    pointer   |
|m_axi_gmem_AWID         | out |    1|    m_axi   |     gmem     |    pointer   |
|m_axi_gmem_AWLEN        | out |    8|    m_axi   |     gmem     |    pointer   |
|m_axi_gmem_AWSIZE       | out |    3|    m_axi   |     gmem     |    pointer   |
|m_axi_gmem_AWBURST      | out |    2|    m_axi   |     gmem     |    pointer   |
|m_axi_gmem_AWLOCK       | out |    2|    m_axi   |     gmem     |    pointer   |
|m_axi_gmem_AWCACHE      | out |    4|    m_axi   |     gmem     |    pointer   |
|m_axi_gmem_AWPROT       | out |    3|    m_axi   |     gmem     |    pointer   |
|m_axi_gmem_AWQOS        | out |    4|    m_axi   |     gmem     |    pointer   |
|m_axi_gmem_AWREGION     | out |    4|    m_axi   |     gmem     |    pointer   |
|m_axi_gmem_AWUSER       | out |    1|    m_axi   |     gmem     |    pointer   |
|m_axi_gmem_WVALID       | out |    1|    m_axi   |     gmem     |    pointer   |
|m_axi_gmem_WREADY       |  in |    1|    m_axi   |     gmem     |    pointer   |
|m_axi_gmem_WDATA        | out |   32|    m_axi   |     gmem     |    pointer   |
|m_axi_gmem_WSTRB        | out |    4|    m_axi   |     gmem     |    pointer   |
|m_axi_gmem_WLAST        | out |    1|    m_axi   |     gmem     |    pointer   |
|m_axi_gmem_WID          | out |    1|    m_axi   |     gmem     |    pointer   |
|m_axi_gmem_WUSER        | out |    1|    m_axi   |     gmem     |    pointer   |
|m_axi_gmem_ARVALID      | out |    1|    m_axi   |     gmem     |    pointer   |
|m_axi_gmem_ARREADY      |  in |    1|    m_axi   |     gmem     |    pointer   |
|m_axi_gmem_ARADDR       | out |   32|    m_axi   |     gmem     |    pointer   |
|m_axi_gmem_ARID         | out |    1|    m_axi   |     gmem     |    pointer   |
|m_axi_gmem_ARLEN        | out |    8|    m_axi   |     gmem     |    pointer   |
|m_axi_gmem_ARSIZE       | out |    3|    m_axi   |     gmem     |    pointer   |
|m_axi_gmem_ARBURST      | out |    2|    m_axi   |     gmem     |    pointer   |
|m_axi_gmem_ARLOCK       | out |    2|    m_axi   |     gmem     |    pointer   |
|m_axi_gmem_ARCACHE      | out |    4|    m_axi   |     gmem     |    pointer   |
|m_axi_gmem_ARPROT       | out |    3|    m_axi   |     gmem     |    pointer   |
|m_axi_gmem_ARQOS        | out |    4|    m_axi   |     gmem     |    pointer   |
|m_axi_gmem_ARREGION     | out |    4|    m_axi   |     gmem     |    pointer   |
|m_axi_gmem_ARUSER       | out |    1|    m_axi   |     gmem     |    pointer   |
|m_axi_gmem_RVALID       |  in |    1|    m_axi   |     gmem     |    pointer   |
|m_axi_gmem_RREADY       | out |    1|    m_axi   |     gmem     |    pointer   |
|m_axi_gmem_RDATA        |  in |   32|    m_axi   |     gmem     |    pointer   |
|m_axi_gmem_RLAST        |  in |    1|    m_axi   |     gmem     |    pointer   |
|m_axi_gmem_RID          |  in |    1|    m_axi   |     gmem     |    pointer   |
|m_axi_gmem_RUSER        |  in |    1|    m_axi   |     gmem     |    pointer   |
|m_axi_gmem_RRESP        |  in |    2|    m_axi   |     gmem     |    pointer   |
|m_axi_gmem_BVALID       |  in |    1|    m_axi   |     gmem     |    pointer   |
|m_axi_gmem_BREADY       | out |    1|    m_axi   |     gmem     |    pointer   |
|m_axi_gmem_BRESP        |  in |    2|    m_axi   |     gmem     |    pointer   |
|m_axi_gmem_BID          |  in |    1|    m_axi   |     gmem     |    pointer   |
|m_axi_gmem_BUSER        |  in |    1|    m_axi   |     gmem     |    pointer   |
+------------------------+-----+-----+------------+--------------+--------------+

